[keleskuyumculuk.com/index.html]
[backblue.gif]
[fade.gif]
[index.html]
[cdn.jsdelivr.net/npm/bootstrap@5.3.0-alpha3/dist/css/bootstrap.min.css]
[stackpath.bootstrapcdn.com/font-awesome/4.7.0/css/font-awesome.min.css]
[keleskuyumculuk.com/style.css]
[keleskuyumculuk.com/og-image-min.jpg]
[keleskuyumculuk.com/uploads/logo-min.png]
[keleskuyumculuk.com/hakkimizda.html]
[keleskuyumculuk.com/iletisim.html]
[keleskuyumculuk.com/uploads/img472.jpg]
[keleskuyumculuk.com/uploads/img111.jpg]
[keleskuyumculuk.com/uploads/2anasayfa-min.jpg]
[keleskuyumculuk.com/uploads/keles-logo-min.png]
[keleskuyumculuk.com/duyurular.php]
[keleskuyumculuk.com/iletisim-2.html]
[keleskuyumculuk.com/cdn-cgi/l/email-protection]
[keleskuyumculuk.com/cdn-cgi/scripts/5c5dd728/cloudflare-static/email-decode.min.js]
[code.jquery.com/jquery-3.6.4.min.js]
[keleskuyumculuk.com/index.html]
[cdn.jsdelivr.net/npm/bootstrap@5.3.0-alpha3/dist/css/bootstrap.min.css]
[stackpath.bootstrapcdn.com/font-awesome/4.7.0/css/font-awesome.min.css]
[keleskuyumculuk.com/style.css]
[cdn.jsdelivr.net/npm/bootstrap@5.3.0-alpha3/dist/js/bootstrap.bundle.min.js]
[keleskuyumculuk.com/uploads/img369.jpg]
[keleskuyumculuk.com/hakkimizda.html]
[www.google.com/recaptcha/api.js]
[keleskuyumculuk.com/iletisim.html]
[keleskuyumculuk.com/duyurular.html]
[keleskuyumculuk.com/iletisim-2.html]
[keleskuyumculuk.com/cdn-cgi/l/email-protection.html]
[keleskuyumculuk.com/mesaj_gonder.html]
[keleskuyumculuk.com/mesaj_gonder.html]
